<?xml version="1.0" encoding="UTF-8"?>
<!-- Generated by org.testng.reporters.JUnitXMLReporter -->
<testsuite hostname="ULTRA" ignored="0" name="Test" tests="2" failures="1" timestamp="2022-12-22T08:29:35 IST" time="28.836" errors="0">
  <testcase name="tcl" time="0.314" classname="Chapter3.FTPPractice1">
    <failure type="java.lang.IllegalArgumentException" message="Keys to send should be a not null CharSequence">
      <![CDATA[java.lang.IllegalArgumentException: Keys to send should be a not null CharSequence
at org.openqa.selenium.remote.RemoteWebElement.sendKeys(RemoteWebElement.java:94)
at Chapter3.FTPPractice1.tcl(FTPPractice1.java:24)
at java.util.ArrayList.forEach(Unknown Source)
... Removed 27 stack frames]]>
    </failure>
  </testcase> <!-- tcl -->
  <testcase name="tcl" time="1.166" classname="Chapter3.FTPPractice2SeqExe"/>
</testsuite> <!-- Test -->
