<?xml version="1.0" encoding="UTF-8"?>
<!-- Generated by org.testng.reporters.JUnitReportReporter -->
<testsuite skipped="0" hostname="ULTRA" name="Chapter3.FTPPractice2SeqExe" tests="1" failures="0" timestamp="2022-12-22T08:29:36 IST" time="5.854" errors="0">
  <testcase name="tcl" time="5.854" classname="Chapter3.FTPPractice2SeqExe"/>
  <system-out>
    <![CDATA[Lost password » Genesys File Transfer Service
https://ftp.igenesys.com/reset-password.php]]>
  </system-out>
</testsuite> <!-- Chapter3.FTPPractice2SeqExe -->
